0 info it worked if it ends with ok
1 verbose cli [ 'node', '/usr/local/bin/npm', 'install', '-g', 'node-static' ]
2 info using npm@2.5.1
3 info using node@v0.12.0
4 silly cache add args [ 'node-static', null ]
5 verbose cache add spec node-static
6 silly cache add parsed spec { raw: 'node-static',
6 silly cache add   scope: null,
6 silly cache add   name: 'node-static',
6 silly cache add   rawSpec: '',
6 silly cache add   spec: '*',
6 silly cache add   type: 'range' }
7 verbose addNamed node-static@*
8 silly addNamed semver.valid null
9 silly addNamed semver.validRange *
10 silly addNameRange { name: 'node-static', range: '*', hasData: false }
11 silly mapToRegistry name node-static
12 silly mapToRegistry using default registry
13 silly mapToRegistry registry https://registry.npmjs.org/
14 silly mapToRegistry uri https://registry.npmjs.org/node-static
15 verbose addNameRange registry:https://registry.npmjs.org/node-static not in flight; fetching
16 verbose request uri https://registry.npmjs.org/node-static
17 verbose request no auth needed
18 info attempt registry request try #1 at 7:41:47 PM
19 verbose request id 6aa463256be24c00
20 verbose etag "32V0V38TF0NFMXJ12PBMTNY9I"
21 http request GET https://registry.npmjs.org/node-static
22 http 304 https://registry.npmjs.org/node-static
23 silly get cb [ 304,
23 silly get   { date: 'Tue, 18 Aug 2015 23:41:48 GMT',
23 silly get     via: '1.1 varnish',
23 silly get     'cache-control': 'max-age=60',
23 silly get     etag: '"32V0V38TF0NFMXJ12PBMTNY9I"',
23 silly get     age: '53',
23 silly get     connection: 'keep-alive',
23 silly get     'x-served-by': 'cache-jfk1032-JFK',
23 silly get     'x-cache': 'HIT',
23 silly get     'x-cache-hits': '1',
23 silly get     'x-timer': 'S1439941308.443535,VS0,VE0',
23 silly get     vary: 'Accept' } ]
24 verbose etag https://registry.npmjs.org/node-static from cache
25 verbose get saving node-static to /Users/urizvsa/.npm/registry.npmjs.org/node-static/.cache.json
26 silly addNameRange number 2 { name: 'node-static', range: '*', hasData: true }
27 silly addNameRange versions [ 'node-static',
27 silly addNameRange   [ '0.5.6',
27 silly addNameRange     '0.5.7',
27 silly addNameRange     '0.5.8',
27 silly addNameRange     '0.5.9',
27 silly addNameRange     '0.6.0',
27 silly addNameRange     '0.6.1',
27 silly addNameRange     '0.6.2',
27 silly addNameRange     '0.6.3',
27 silly addNameRange     '0.6.4',
27 silly addNameRange     '0.6.5',
27 silly addNameRange     '0.6.6',
27 silly addNameRange     '0.6.7',
27 silly addNameRange     '0.6.8',
27 silly addNameRange     '0.6.9',
27 silly addNameRange     '0.7.0',
27 silly addNameRange     '0.7.1',
27 silly addNameRange     '0.7.2',
27 silly addNameRange     '0.7.3',
27 silly addNameRange     '0.7.4',
27 silly addNameRange     '0.7.5',
27 silly addNameRange     '0.7.6',
27 silly addNameRange     '0.7.7' ] ]
28 verbose addNamed node-static@0.7.7
29 silly addNamed semver.valid 0.7.7
30 silly addNamed semver.validRange 0.7.7
31 silly cache afterAdd node-static@0.7.7
32 verbose afterAdd /Users/urizvsa/.npm/node-static/0.7.7/package/package.json not in flight; writing
33 verbose afterAdd /Users/urizvsa/.npm/node-static/0.7.7/package/package.json written
34 silly install resolved [ { name: 'node-static',
34 silly install resolved     description: 'simple, compliant file streaming module for node',
34 silly install resolved     url: 'http://github.com/cloudhead/node-static',
34 silly install resolved     keywords: [ 'http', 'static', 'file', 'server' ],
34 silly install resolved     author: { name: 'Alexis Sellier', email: 'self@cloudhead.net' },
34 silly install resolved     contributors: [ [Object], [Object] ],
34 silly install resolved     repository: { type: 'git', url: 'http://github.com/cloudhead/node-static' },
34 silly install resolved     main: './lib/node-static',
34 silly install resolved     scripts: { test: 'vows --spec --isolate' },
34 silly install resolved     bin: { static: 'bin/cli.js' },
34 silly install resolved     license: 'MIT',
34 silly install resolved     dependencies: { optimist: '>=0.3.4', colors: '>=0.6.0', mime: '>=1.2.9' },
34 silly install resolved     devDependencies: { request: 'latest', vows: 'latest' },
34 silly install resolved     version: '0.7.7',
34 silly install resolved     engines: { node: '>= 0.4.1' },
34 silly install resolved     bugs: { url: 'https://github.com/cloudhead/node-static/issues' },
34 silly install resolved     homepage: 'https://github.com/cloudhead/node-static',
34 silly install resolved     directories: { example: 'examples', test: 'test' },
34 silly install resolved     gitHead: '092d62eef7f557abcedc956cea577a9accd94c91',
34 silly install resolved     _id: 'node-static@0.7.7',
34 silly install resolved     _shasum: '93081d834d9bd9d83737798df3da3cd538e8908a',
34 silly install resolved     _from: 'node-static@*',
34 silly install resolved     _npmVersion: '2.7.5',
34 silly install resolved     _nodeVersion: '0.12.2',
34 silly install resolved     _npmUser: { name: 'cloudhead', email: 'self@cloudhead.net' },
34 silly install resolved     dist:
34 silly install resolved      { shasum: '93081d834d9bd9d83737798df3da3cd538e8908a',
34 silly install resolved        tarball: 'http://registry.npmjs.org/node-static/-/node-static-0.7.7.tgz' },
34 silly install resolved     maintainers: [ [Object], [Object], [Object] ],
34 silly install resolved     _resolved: 'https://registry.npmjs.org/node-static/-/node-static-0.7.7.tgz',
34 silly install resolved     readme: 'ERROR: No README data found!' } ]
35 info install node-static@0.7.7 into /usr/local/lib
36 info installOne node-static@0.7.7
37 verbose installOne of node-static to /usr/local/lib not in flight; installing
38 verbose lock using /Users/urizvsa/.npm/_locks/node-static-bdc0099f99ada52d.lock for /usr/local/lib/node_modules/node-static
39 silly install write writing node-static 0.7.7 to /usr/local/lib/node_modules/node-static
40 silly cache addNamed cb node-static@0.7.7
41 verbose unbuild lib/node_modules/node-static
42 verbose gentlyRm vacuuming /usr/local/lib/node_modules/node-static
43 verbose tar unpack /Users/urizvsa/.npm/node-static/0.7.7/package.tgz
44 verbose tar unpacking to /usr/local/lib/node_modules/node-static
45 verbose gentlyRm vacuuming /usr/local/lib/node_modules/node-static
46 silly gunzTarPerm modes [ '755', '644' ]
47 error tar.unpack untar error /Users/urizvsa/.npm/node-static/0.7.7/package.tgz
48 verbose unlock done using /Users/urizvsa/.npm/_locks/node-static-bdc0099f99ada52d.lock for /usr/local/lib/node_modules/node-static
49 verbose fstream_path /usr/local/lib/node_modules/node-static
50 verbose fstream_type Directory
51 verbose fstream_class DirWriter
52 verbose stack Error: EACCES, mkdir '/usr/local/lib/node_modules/node-static'
52 verbose stack     at Error (native)
53 verbose fstream_stack /usr/local/lib/node_modules/npm/node_modules/fstream/lib/dir-writer.js:36:23
53 verbose fstream_stack /usr/local/lib/node_modules/npm/node_modules/mkdirp/index.js:46:53
53 verbose fstream_stack FSReqWrap.oncomplete (fs.js:99:15)
54 verbose cwd /Users/urizvsa/Documents/LifeVest/Admin/dist
55 error Darwin 13.4.0
56 error argv "node" "/usr/local/bin/npm" "install" "-g" "node-static"
57 error node v0.12.0
58 error npm  v2.5.1
59 error path /usr/local/lib/node_modules/node-static
60 error code EACCES
61 error errno -13
62 error Error: EACCES, mkdir '/usr/local/lib/node_modules/node-static'
62 error     at Error (native)
62 error  { [Error: EACCES, mkdir '/usr/local/lib/node_modules/node-static']
62 error   errno: -13,
62 error   code: 'EACCES',
62 error   path: '/usr/local/lib/node_modules/node-static',
62 error   fstream_type: 'Directory',
62 error   fstream_path: '/usr/local/lib/node_modules/node-static',
62 error   fstream_class: 'DirWriter',
62 error   fstream_stack:
62 error    [ '/usr/local/lib/node_modules/npm/node_modules/fstream/lib/dir-writer.js:36:23',
62 error      '/usr/local/lib/node_modules/npm/node_modules/mkdirp/index.js:46:53',
62 error      'FSReqWrap.oncomplete (fs.js:99:15)' ] }
63 error Please try running this command again as root/Administrator.
64 verbose exit [ -13, true ]
65 verbose unbuild lib/node_modules/node-static
66 verbose gentlyRm vacuuming /usr/local/lib/node_modules/node-static
